  → 635 couches WMTS détectées

======================================================================
URL - https://data.geopf.fr/wmts
WMTS - 635 couches trouvées
Stratégie: tuile mondiale → tuile France → tuile France zoomée
======================================================================
✗ Impossible d'extraire une vignette pertinente pour ACCES.BIOMETHANE
✓ Vignette France zoomée extraite pour ADMIN-EXPRESS-COG-CARTO-PE.LATEST
✓ Vignette France zoomée extraite pour ADMINEXPRESS-COG-CARTO-PE.2025
✓ Vignette France zoomée extraite pour ADMINEXPRESS-COG-CARTO.LATEST
✓ Vignette France zoomée extraite pour ADMINEXPRESS-COG.2017
✓ Vignette France zoomée extraite pour ADMINEXPRESS-COG.2018
✓ Vignette France zoomée extraite pour ADMINEXPRESS-COG.2019
✓ Vignette France zoomée extraite pour ADMINEXPRESS-COG.2020
✓ Vignette France zoomée extraite pour ADMINEXPRESS-COG.2021
✓ Vignette France zoomée extraite pour ADMINEXPRESS-COG.2022
✓ Vignette France zoomée extraite pour ADMINEXPRESS-COG.2023
✓ Vignette France zoomée extraite pour ADMINEXPRESS-COG.2024
✓ Vignette France zoomée extraite pour ADMINEXPRESS-COG.2025
✓ Vignette France zoomée extraite pour ADMINEXPRESS-COG.LATEST
✗ Impossible d'extraire une vignette pertinente pour AREAMANAGEMENT.ZFU
✗ Impossible d'extraire une vignette pertinente pour AREAMANAGEMENT.ZUS
✓ Vignette mondiale extraite pour Aire-Parcellaire
✓ Vignette France zoomée extraite pour BDCARTO_ETAT-MAJOR.NIVEAU3
✓ Vignette France zoomée extraite pour BDCARTO_ETAT-MAJOR.NIVEAU4
✗ Impossible d'extraire une vignette pertinente pour BESOIN.CHALEUR.INDUSTRIEL
✗ Impossible d'extraire une vignette pertinente pour BESOIN.CHALEUR.RESIDENTIEL
✗ Impossible d'extraire une vignette pertinente pour BESOIN.CHALEUR.TERTIAIRE
✗ Impossible d'extraire une vignette pertinente pour BESOIN.FROID.RESIDENTIEL
✗ Impossible d'extraire une vignette pertinente pour BESOIN.FROID.TERTIAIRE
✓ Vignette France zoomée extraite pour BNF-IGNF_GEOGRAPHICALGRIDSYSTEMS.CASSINI
✓ Vignette France zoomée extraite pour BUILDINGS.BUILDINGS
✗ Impossible d'extraire une vignette pertinente pour CADASTRAL.PARCELS.SECTIONS
✗ Impossible d'extraire une vignette pertinente pour CADASTRALPARCELS.HEATMAP
✗ Impossible d'extraire une vignette pertinente pour CADASTRALPARCELS.HISTO.2008-2013.PARCELS
✓ Vignette mondiale extraite pour CADASTRALPARCELS.PARCELLAIRE_EXPRESS
✗ Impossible d'extraire une vignette pertinente pour CADASTRALPARCELS.PARCELLAIRE_EXPRESS.L93
✓ Vignette mondiale extraite pour CADASTRALPARCELS.PARCELS
✗ Impossible d'extraire une vignette pertinente pour CADASTRALPARCELS.PARCELS.L93
✗ Impossible d'extraire une vignette pertinente pour CADASTRALPARCELS.QUALREFBDP
✗ Impossible d'extraire une vignette pertinente pour CADASTRES.SOLAIRES.DETAILLES
✗ Impossible d'extraire une vignette pertinente pour CADASTRES.SOLAIRES.LOCAUX
✗ Impossible d'extraire une vignette pertinente pour CAPACITE.ACCUEIL.ELECTRIQUE
✗ Impossible d'extraire une vignette pertinente pour CARTES-14-18-EDUGEO_PYR-PNG_FXX_WM
✓ Vignette France extraite pour CARTES.NATURALEARTH
✓ Vignette France zoomée extraite pour CGET_QP_BDD_WLD_WM_WMTS_20150914
✓ Vignette France zoomée extraite pour COMMUNES.PRIORITYDISCTRICT
✓ Vignette France zoomée extraite pour COMMUNES.SISMICITE
✗ Impossible d'extraire une vignette pertinente pour CONSO.ELEC.COMMUNE
✗ Impossible d'extraire une vignette pertinente pour CONSO.GAZ.COMMUNE
✗ Impossible d'extraire une vignette pertinente pour COSIA
✓ Vignette France zoomée extraite pour Carhab_habitat
✗ Impossible d'extraire une vignette pertinente pour DALLES_BLOC_E
✗ Impossible d'extraire une vignette pertinente pour DALLES_BLOC_I
✗ Impossible d'extraire une vignette pertinente pour DALLES_STJULIEN
✗ Impossible d'extraire une vignette pertinente pour DEBROUSSAILLEMENT
✗ Impossible d'extraire une vignette pertinente pour DELAISSES.AUTOROUTIERS
✓ Vignette France zoomée extraite pour DGCL.2025.voirie-communale
✓ Vignette France zoomée extraite pour DGCL.2025.voirie-departementale
✗ Impossible d'extraire une vignette pertinente pour DREAL.ZONAGE_PINEL
✗ Impossible d'extraire une vignette pertinente pour Dalles_Test_3M
✓ Vignette mondiale extraite pour EDUGEO.LANDUSE.AGRICULTURE2012
✗ Impossible d'extraire une vignette pertinente pour EDUGEO.NATURALRISKZONES.1910FLOODEDWATERSHEDS
✓ Vignette France zoomée extraite pour ELEVATION.CONTOUR.LINE
  ✗ Erreur tuile: cannot identify image file <_io.BytesIO object at 0x761556700b80>
  ✗ Erreur tuile: cannot identify image file <_io.BytesIO object at 0x7615565f0ae0>
✗ Impossible d'extraire une vignette pertinente pour ELEVATION.ELEVATIONGRIDCOVERAGE
✗ Impossible d'extraire une vignette pertinente pour ELEVATION.ELEVATIONGRIDCOVERAGE.HIGHRES
✗ Impossible d'extraire une vignette pertinente pour ELEVATION.ELEVATIONGRIDCOVERAGE.HIGHRES.MNS
✗ Impossible d'extraire une vignette pertinente pour ELEVATION.ELEVATIONGRIDCOVERAGE.SHADOW
  ✗ Erreur tuile: cannot identify image file <_io.BytesIO object at 0x7615566fb6a0>
  ✗ Erreur tuile: cannot identify image file <_io.BytesIO object at 0x7615565f1260>
  ✗ Erreur tuile: cannot identify image file <_io.BytesIO object at 0x7615566fb6a0>
✗ Impossible d'extraire une vignette pertinente pour ELEVATION.ELEVATIONGRIDCOVERAGE.SRTM3
✗ Impossible d'extraire une vignette pertinente pour ELEVATION.ELEVATIONGRIDCOVERAGE.THRESHOLD
✗ Impossible d'extraire une vignette pertinente pour ELEVATION.LEVEL0
✓ Vignette France zoomée extraite pour ELEVATION.SLOPES
✗ Impossible d'extraire une vignette pertinente pour ELEVATION.SLOPES.HIGHRES
✗ Impossible d'extraire une vignette pertinente pour ELEVATIONGRIDCOVERAGE.HIGHRES.QUALITY
✗ Impossible d'extraire une vignette pertinente pour ENR.AERO.CIVIL
✗ Impossible d'extraire une vignette pertinente pour ENR.AERO.MILITAIRE
✗ Impossible d'extraire une vignette pertinente pour ENR.GRANDS.SITES.FRANCE
✗ Impossible d'extraire une vignette pertinente pour ENR.PERIMETRE.HABITATION
✗ Impossible d'extraire une vignette pertinente pour ENR.PERIMETRE.PENTE
✗ Impossible d'extraire une vignette pertinente pour ENR.PERIMETRE.ROUTE
✗ Impossible d'extraire une vignette pertinente pour ENR.PERIMETRE.VOIE.FERREE
✗ Impossible d'extraire une vignette pertinente pour ENREZO.BESOINS.CHAUD
✗ Impossible d'extraire une vignette pertinente pour ENREZO.BESOINS.FROID
✗ Impossible d'extraire une vignette pertinente pour ENREZO.CHALEUR.FATALE.500.INDUSTRIES
✗ Impossible d'extraire une vignette pertinente pour ENREZO.CHALEUR.FATALE.DATACENTER
✗ Impossible d'extraire une vignette pertinente pour ENREZO.CHALEUR.FATALE.STEP
✗ Impossible d'extraire une vignette pertinente pour ENREZO.ZONE.POTENTIEL.CHAUD
✗ Impossible d'extraire une vignette pertinente pour ENREZO.ZONE.POTENTIEL.FORT.CHAUD
✗ Impossible d'extraire une vignette pertinente pour ENREZO.ZONE.POTENTIEL.FORT.FROID
✗ Impossible d'extraire une vignette pertinente pour ENREZO.ZONE.POTENTIEL.FROID
✓ Vignette mondiale extraite pour EVOL-SURFACE-FORESTIERE-1980-2011_EDUGEO_PYR-PNG_FXX_LAMB93_20150918
✓ Vignette France zoomée extraite pour FMA_ZONES-HUMIDES-EFFECTIVES
✗ Impossible d'extraire une vignette pertinente pour FORETS.PUBLIQUES
✗ Impossible d'extraire une vignette pertinente pour GAZ.CORRIDOR.DISTRIBUTION
✗ Impossible d'extraire une vignette pertinente pour GAZ.CORRIDOR.TRANSPORT
✗ Impossible d'extraire une vignette pertinente pour GAZ.RESEAU.DISTRIBUTION
✗ Impossible d'extraire une vignette pertinente pour GAZ.RESEAU.TRANSPORT
✓ Vignette France zoomée extraite pour GEOGRAPHICALGRIDSYSTEM.DFCI
✗ Impossible d'extraire une vignette pertinente pour GEOGRAPHICALGRIDSYSTEMS.1900TYPEMAPS
✗ Impossible d'extraire une vignette pertinente pour GEOGRAPHICALGRIDSYSTEMS.1914_11_15_ARRAS_VERDUN_BELFORT_fronts_600K
✗ Impossible d'extraire une vignette pertinente pour GEOGRAPHICALGRIDSYSTEMS.BONNE
✗ Impossible d'extraire une vignette pertinente pour GEOGRAPHICALGRIDSYSTEMS.COASTALMAPS
✗ Impossible d'extraire une vignette pertinente pour GEOGRAPHICALGRIDSYSTEMS.DOUAUMONT_FORT_positions_5K_18mai1916
✗ Impossible d'extraire une vignette pertinente pour GEOGRAPHICALGRIDSYSTEMS.EDUGEO.AJACCIO1976
✗ Impossible d'extraire une vignette pertinente pour GEOGRAPHICALGRIDSYSTEMS.EDUGEO.BELFORT-MONTBELLIARD1973
✓ Vignette France zoomée extraite pour GEOGRAPHICALGRIDSYSTEMS.EDUGEO.BERRY-SUD1952
✗ Impossible d'extraire une vignette pertinente pour GEOGRAPHICALGRIDSYSTEMS.EDUGEO.BETHUNE1956
✗ Impossible d'extraire une vignette pertinente pour GEOGRAPHICALGRIDSYSTEMS.EDUGEO.BIARRITZ1979
✗ Impossible d'extraire une vignette pertinente pour GEOGRAPHICALGRIDSYSTEMS.EDUGEO.BOURG-ST-MAURICE1974
✗ Impossible d'extraire une vignette pertinente pour GEOGRAPHICALGRIDSYSTEMS.EDUGEO.CAEN1969
✗ Impossible d'extraire une vignette pertinente pour GEOGRAPHICALGRIDSYSTEMS.EDUGEO.CAP-DAGDE1971
✗ Impossible d'extraire une vignette pertinente pour GEOGRAPHICALGRIDSYSTEMS.EDUGEO.CLERMONT-FERRAND1966
✗ Impossible d'extraire une vignette pertinente pour GEOGRAPHICALGRIDSYSTEMS.EDUGEO.CREIL-SUD-PICARDIE1979
✗ Impossible d'extraire une vignette pertinente pour GEOGRAPHICALGRIDSYSTEMS.EDUGEO.DIJON1962
✗ Impossible d'extraire une vignette pertinente pour GEOGRAPHICALGRIDSYSTEMS.EDUGEO.Douaumont1916
✗ Impossible d'extraire une vignette pertinente pour GEOGRAPHICALGRIDSYSTEMS.EDUGEO.GRENOBLE1965
✗ Impossible d'extraire une vignette pertinente pour GEOGRAPHICALGRIDSYSTEMS.EDUGEO.GRENOBLE1976
✗ Impossible d'extraire une vignette pertinente pour GEOGRAPHICALGRIDSYSTEMS.EDUGEO.GRENOBLE1991
✗ Impossible d'extraire une vignette pertinente pour GEOGRAPHICALGRIDSYSTEMS.EDUGEO.GUADELOUPE1955
✗ Impossible d'extraire une vignette pertinente pour GEOGRAPHICALGRIDSYSTEMS.EDUGEO.GUYANE1958
✗ Impossible d'extraire une vignette pertinente pour GEOGRAPHICALGRIDSYSTEMS.EDUGEO.LA-REUNION1980
✗ Impossible d'extraire une vignette pertinente pour GEOGRAPHICALGRIDSYSTEMS.EDUGEO.LA-ROCHELLE-ROCHEFORT1959
✗ Impossible d'extraire une vignette pertinente pour GEOGRAPHICALGRIDSYSTEMS.EDUGEO.LE-HAVRE1975
✗ Impossible d'extraire une vignette pertinente pour GEOGRAPHICALGRIDSYSTEMS.EDUGEO.LE-HAVRE1979
✗ Impossible d'extraire une vignette pertinente pour GEOGRAPHICALGRIDSYSTEMS.EDUGEO.LIMOGES1966
✗ Impossible d'extraire une vignette pertinente pour GEOGRAPHICALGRIDSYSTEMS.EDUGEO.LYON1947
✗ Impossible d'extraire une vignette pertinente pour GEOGRAPHICALGRIDSYSTEMS.EDUGEO.LYON1980
✗ Impossible d'extraire une vignette pertinente pour GEOGRAPHICALGRIDSYSTEMS.EDUGEO.LYON1985
✗ Impossible d'extraire une vignette pertinente pour GEOGRAPHICALGRIDSYSTEMS.EDUGEO.Le-Mort-Homme-et-ses-environs-avril-1916
✗ Impossible d'extraire une vignette pertinente pour GEOGRAPHICALGRIDSYSTEMS.EDUGEO.MARNE-LA-VALLEE1966
✗ Impossible d'extraire une vignette pertinente pour GEOGRAPHICALGRIDSYSTEMS.EDUGEO.MARNE-LA-VALLEE1978
✗ Impossible d'extraire une vignette pertinente pour GEOGRAPHICALGRIDSYSTEMS.EDUGEO.MARNE-LA-VALLEE1987
✗ Impossible d'extraire une vignette pertinente pour GEOGRAPHICALGRIDSYSTEMS.EDUGEO.MARSEILLE-MARTIGUES1947
✗ Impossible d'extraire une vignette pertinente pour GEOGRAPHICALGRIDSYSTEMS.EDUGEO.MARSEILLE-MARTIGUES1980
✗ Impossible d'extraire une vignette pertinente pour GEOGRAPHICALGRIDSYSTEMS.EDUGEO.MARSEILLE-MARTIGUES1986
✗ Impossible d'extraire une vignette pertinente pour GEOGRAPHICALGRIDSYSTEMS.EDUGEO.METZ-NANCY1983
✗ Impossible d'extraire une vignette pertinente pour GEOGRAPHICALGRIDSYSTEMS.EDUGEO.NANTES1972
✗ Impossible d'extraire une vignette pertinente pour GEOGRAPHICALGRIDSYSTEMS.EDUGEO.PARIS1964
✗ Impossible d'extraire une vignette pertinente pour GEOGRAPHICALGRIDSYSTEMS.EDUGEO.PARIS1979
✗ Impossible d'extraire une vignette pertinente pour GEOGRAPHICALGRIDSYSTEMS.EDUGEO.Positions_20K_avr1916
✗ Impossible d'extraire une vignette pertinente pour GEOGRAPHICALGRIDSYSTEMS.EDUGEO.REIMS1974
✗ Impossible d'extraire une vignette pertinente pour GEOGRAPHICALGRIDSYSTEMS.EDUGEO.ROISSY1973
✗ Impossible d'extraire une vignette pertinente pour GEOGRAPHICALGRIDSYSTEMS.EDUGEO.ROISSY1978
✗ Impossible d'extraire une vignette pertinente pour GEOGRAPHICALGRIDSYSTEMS.EDUGEO.STRASBOURG1956
✗ Impossible d'extraire une vignette pertinente pour GEOGRAPHICALGRIDSYSTEMS.EDUGEO.STRASBOURG1978
✗ Impossible d'extraire une vignette pertinente pour GEOGRAPHICALGRIDSYSTEMS.EDUGEO.TOULON-HYERES1976
✗ Impossible d'extraire une vignette pertinente pour GEOGRAPHICALGRIDSYSTEMS.EDUGEO.TOULOUSE1948
✗ Impossible d'extraire une vignette pertinente pour GEOGRAPHICALGRIDSYSTEMS.EDUGEO.VANNES-GOLFE-DU-MORBIHAN1960
✗ Impossible d'extraire une vignette pertinente pour GEOGRAPHICALGRIDSYSTEMS.EDUGEO.VANNES-GOLFE-DU-MORBIHAN1971
✗ Impossible d'extraire une vignette pertinente pour GEOGRAPHICALGRIDSYSTEMS.EDUGEO.VERDUN_NORD_fronts_francais_20K
✗ Impossible d'extraire une vignette pertinente pour GEOGRAPHICALGRIDSYSTEMS.EDUGEO.VERDUN_NORD_organisations_defensives_20K
✗ Impossible d'extraire une vignette pertinente pour GEOGRAPHICALGRIDSYSTEMS.EDUGEO.VERSAILLES1979
✗ Impossible d'extraire une vignette pertinente pour GEOGRAPHICALGRIDSYSTEMS.ETATMAJOR10
✓ Vignette France zoomée extraite pour GEOGRAPHICALGRIDSYSTEMS.ETATMAJOR40
✓ Vignette mondiale extraite pour GEOGRAPHICALGRIDSYSTEMS.MAPS.BDUNI.J1
✓ Vignette France extraite pour GEOGRAPHICALGRIDSYSTEMS.MAPS.OVERVIEW
✓ Vignette France extraite pour GEOGRAPHICALGRIDSYSTEMS.MAPS.SCAN50.1950
✓ Vignette mondiale extraite pour GEOGRAPHICALGRIDSYSTEMS.PLANIGNV2
✗ Impossible d'extraire une vignette pertinente pour GEOGRAPHICALGRIDSYSTEMS.PLANIGNV2.L93
✗ Impossible d'extraire une vignette pertinente pour GEOGRAPHICALGRIDSYSTEMS.SLOPES.MOUNTAIN
✓ Vignette bbox donnée extraite pour GEOGRAPHICALGRIDSYSTEMS.SLOPES.PAC
✗ Impossible d'extraire une vignette pertinente pour GEOGRAPHICALGRIDSYSTEMS.TERRIER_V1
✗ Impossible d'extraire une vignette pertinente pour GEOGRAPHICALGRIDSYSTEMS.TERRIER_V2
✗ Impossible d'extraire une vignette pertinente pour GEOGRAPHICALGRIDSYSTEMS.VERDUN_ENVIRONS_NORD_fronts_offensves_50K
✗ Impossible d'extraire une vignette pertinente pour GEOGRAPHICALGRIDSYSTEMS.VERDUN_ENVIRONS_SUD_NORD_com_group_80K
✗ Impossible d'extraire une vignette pertinente pour GEOGRAPHICALGRIDSYSTEMS.VERDUN_ENVIRONS_fronts_50K_21-26fevr1916
✓ Vignette France zoomée extraite pour GEOGRAPHICALNAMES.NAMES
✓ Vignette France zoomée extraite pour HR.ORTHOIMAGERY.ORTHOPHOTOS
✗ Impossible d'extraire une vignette pertinente pour HR.ORTHOIMAGERY.ORTHOPHOTOS.L93
✗ Impossible d'extraire une vignette pertinente pour HYDROGRAPHY.BCAE.2020
✗ Impossible d'extraire une vignette pertinente pour HYDROGRAPHY.BCAE.2021
✓ Vignette France zoomée extraite pour HYDROGRAPHY.BCAE.2022
✓ Vignette France zoomée extraite pour HYDROGRAPHY.BCAE.2023
✓ Vignette France zoomée extraite pour HYDROGRAPHY.BCAE.2024
✓ Vignette France zoomée extraite pour HYDROGRAPHY.BCAE.2025
✓ Vignette France zoomée extraite pour HYDROGRAPHY.BCAE.LATEST
✓ Vignette France zoomée extraite pour HYDROGRAPHY.HYDROGRAPHY
✗ Impossible d'extraire une vignette pertinente pour IGNF_BD-HAIE-V1_2020
✗ Impossible d'extraire une vignette pertinente pour IGNF_CARTES_SCAN-1000
✗ Impossible d'extraire une vignette pertinente pour IGNF_CARTES_SCAN-REGIONAL
✓ Vignette France zoomée extraite pour IGNF_COSIA_2017-2020
✓ Vignette France zoomée extraite pour IGNF_COSIA_2021-2023
✓ Vignette France zoomée extraite pour IGNF_COSIA_2024
✗ Impossible d'extraire une vignette pertinente pour IGNF_ELEVATION.ELEVATIONGRIDCOVERAGE.SHADOW
✓ Vignette France zoomée extraite pour IGNF_FORETS-ANCIENNES
✗ Impossible d'extraire une vignette pertinente pour IGNF_FRANCE-RELIEF_MNS
✓ Vignette France extraite pour IGNF_LIDAR-HD_MNH_ELEVATION.ELEVATIONGRIDCOVERAGE.SHADOW
✓ Vignette France extraite pour IGNF_LIDAR-HD_MNS_ELEVATION.ELEVATIONGRIDCOVERAGE.SHADOW
✓ Vignette France extraite pour IGNF_LIDAR-HD_MNT_ELEVATION.ELEVATIONGRIDCOVERAGE.SHADOW
✓ Vignette France zoomée extraite pour IGNF_MASQUE-FORET.2021-2023
✓ Vignette France zoomée extraite pour IGNF_NATURE-EN-VILLE_2021-2023
✗ Impossible d'extraire une vignette pertinente pour IGNF_ORTHOIMAGERY.ORTHOPHOTOS-MIXTE.BDORTHO
✗ Impossible d'extraire une vignette pertinente pour IGNF_ORTHOIMAGERY.ORTHOPHOTOS-MIXTE.ORTHO-EXPRESS
✗ Impossible d'extraire une vignette pertinente pour IGNF_PHOTOVOLTAIQUE-SOL_2017-2020
✗ Impossible d'extraire une vignette pertinente pour IGNF_PHOTOVOLTAIQUE-SOL_2021-2023
✓ Vignette France zoomée extraite pour IGNF_POI-ADMINISTRATION-LOCALE
✗ Impossible d'extraire une vignette pertinente pour IGNF_POI-ASSOCIATIONS-CULTURE-JEUNESSE
✗ Impossible d'extraire une vignette pertinente pour IGNF_POI-DROIT-JUSTICE
✗ Impossible d'extraire une vignette pertinente pour IGNF_POI-ECONOMIE-FINANCES-CONSOMMATION
✓ Vignette France zoomée extraite pour IGNF_POI-ENSEIGNEMENT-RECHERCHE
✗ Impossible d'extraire une vignette pertinente pour IGNF_POI-ENVIRONNEMENT-LOGEMENT-TRANSPORTS
✗ Impossible d'extraire une vignette pertinente pour IGNF_POI-SECURITE-DEFENSE
✗ Impossible d'extraire une vignette pertinente pour IGNF_POI-SOCIAL-SANTE
✗ Impossible d'extraire une vignette pertinente pour IGNF_POI-TRAVAIL-EMPLOI-FORMATION
✓ Vignette France zoomée extraite pour IGNF_RPG_PARCELLES-AGRICOLES-CATEGORISEES_2024
✓ Vignette France zoomée extraite pour IGNF_RPG_PARCELLES-ELIGIBLES-IAE
✓ Vignette France zoomée extraite pour IGNF_RPG_PRAIRIES-PERMANENTES_2024
✓ Vignette France zoomée extraite pour IGNF_RPG_ZONES-DENSITE-HOMOGENE_2024
✗ Impossible d'extraire une vignette pertinente pour INPE
✗ Impossible d'extraire une vignette pertinente pour INRA.CARTE.SOLS
✗ Impossible d'extraire une vignette pertinente pour INSEE.FILOSOFI.ENFANTS.0.17.ANS.SECRET
✗ Impossible d'extraire une vignette pertinente pour INSEE.FILOSOFI.LOGEMENTS.SURFACE.MOYENNE.SECRET
✗ Impossible d'extraire une vignette pertinente pour INSEE.FILOSOFI.NIVEAU.DE.VIE.SECRET
✗ Impossible d'extraire une vignette pertinente pour INSEE.FILOSOFI.PART.FAMILLES.MONOPARENTALES.SECRET
✗ Impossible d'extraire une vignette pertinente pour INSEE.FILOSOFI.PART.INDIVIDUS.25.39.ANS.SECRET
✗ Impossible d'extraire une vignette pertinente pour INSEE.FILOSOFI.PART.INDIVIDUS.40.54.ANS.SECRET
✗ Impossible d'extraire une vignette pertinente pour INSEE.FILOSOFI.PART.INDIVIDUS.55.64.ANS.SECRET
✗ Impossible d'extraire une vignette pertinente pour INSEE.FILOSOFI.PART.LOGEMENTS.APRES.1990.SECRET
✗ Impossible d'extraire une vignette pertinente pour INSEE.FILOSOFI.PART.LOGEMENTS.AVANT.1945.SECRET
✗ Impossible d'extraire une vignette pertinente pour INSEE.FILOSOFI.PART.LOGEMENTS.COLLECTIFS.SECRET
✗ Impossible d'extraire une vignette pertinente pour INSEE.FILOSOFI.PART.LOGEMENTS.CONSTRUITS.1945.1970.SECRET
✗ Impossible d'extraire une vignette pertinente pour INSEE.FILOSOFI.PART.LOGEMENTS.CONSTRUITS.1970.1990.SECRET
✗ Impossible d'extraire une vignette pertinente pour INSEE.FILOSOFI.PART.LOGEMENTS.SOCIAUX.SECRET
✗ Impossible d'extraire une vignette pertinente pour INSEE.FILOSOFI.PART.MENAGES.1.PERSONNE.SECRET
✗ Impossible d'extraire une vignette pertinente pour INSEE.FILOSOFI.PART.MENAGES.5.PERSONNES.OUPLUS.SECRET
✗ Impossible d'extraire une vignette pertinente pour INSEE.FILOSOFI.PART.MENAGES.MAISON.SECRET
✗ Impossible d'extraire une vignette pertinente pour INSEE.FILOSOFI.PART.MENAGES.PAUVRES.SECRET
✗ Impossible d'extraire une vignette pertinente pour INSEE.FILOSOFI.PART.MENAGES.PROPRIETAIRES.SECRET
✗ Impossible d'extraire une vignette pertinente pour INSEE.FILOSOFI.PART.PLUS.65.ANS.SECRET
✗ Impossible d'extraire une vignette pertinente pour INSEE.FILOSOFI.POPULATION
✗ Impossible d'extraire une vignette pertinente pour INSTALLATIONS.PV.SOL
✗ Impossible d'extraire une vignette pertinente pour KS_scan1000
✗ Impossible d'extraire une vignette pertinente pour LANDCOVER.CHA00
✗ Impossible d'extraire une vignette pertinente pour LANDCOVER.CHA00_FR
✗ Impossible d'extraire une vignette pertinente pour LANDCOVER.CHA06
✗ Impossible d'extraire une vignette pertinente pour LANDCOVER.CHA06_DOM
✗ Impossible d'extraire une vignette pertinente pour LANDCOVER.CHA06_FR
✗ Impossible d'extraire une vignette pertinente pour LANDCOVER.CHA12
✗ Impossible d'extraire une vignette pertinente pour LANDCOVER.CHA12_DOM
✗ Impossible d'extraire une vignette pertinente pour LANDCOVER.CHA12_FR
✗ Impossible d'extraire une vignette pertinente pour LANDCOVER.CHA18
✗ Impossible d'extraire une vignette pertinente pour LANDCOVER.CHA18_DOM
✗ Impossible d'extraire une vignette pertinente pour LANDCOVER.CHA18_FR
✗ Impossible d'extraire une vignette pertinente pour LANDCOVER.CLC00
✗ Impossible d'extraire une vignette pertinente pour LANDCOVER.CLC00R
✗ Impossible d'extraire une vignette pertinente pour LANDCOVER.CLC00R_FR
✗ Impossible d'extraire une vignette pertinente pour LANDCOVER.CLC00_DOM
✗ Impossible d'extraire une vignette pertinente pour LANDCOVER.CLC00_FR
✗ Impossible d'extraire une vignette pertinente pour LANDCOVER.CLC06
✗ Impossible d'extraire une vignette pertinente pour LANDCOVER.CLC06R
✗ Impossible d'extraire une vignette pertinente pour LANDCOVER.CLC06R_DOM
✗ Impossible d'extraire une vignette pertinente pour LANDCOVER.CLC06R_FR
✗ Impossible d'extraire une vignette pertinente pour LANDCOVER.CLC06_DOM
✗ Impossible d'extraire une vignette pertinente pour LANDCOVER.CLC06_FR
✗ Impossible d'extraire une vignette pertinente pour LANDCOVER.CLC12
✗ Impossible d'extraire une vignette pertinente pour LANDCOVER.CLC12R
✗ Impossible d'extraire une vignette pertinente pour LANDCOVER.CLC12R_DOM
✗ Impossible d'extraire une vignette pertinente pour LANDCOVER.CLC12R_FR
✗ Impossible d'extraire une vignette pertinente pour LANDCOVER.CLC12_DOM
✗ Impossible d'extraire une vignette pertinente pour LANDCOVER.CLC12_FR
✗ Impossible d'extraire une vignette pertinente pour LANDCOVER.CLC18
✗ Impossible d'extraire une vignette pertinente pour LANDCOVER.CLC18_DOM
✗ Impossible d'extraire une vignette pertinente pour LANDCOVER.CLC18_FR
✗ Impossible d'extraire une vignette pertinente pour LANDCOVER.CLC90
✗ Impossible d'extraire une vignette pertinente pour LANDCOVER.CLC90_FR
✓ Vignette mondiale extraite pour LANDCOVER.EDUGEO.EVOL_SURFACE_FORESTIERE_1980-2011
✗ Impossible d'extraire une vignette pertinente pour LANDCOVER.EDUGEO.KLAUS
✓ Vignette France zoomée extraite pour LANDCOVER.EDUGEO.LGV_archeologie
✗ Impossible d'extraire une vignette pertinente pour LANDCOVER.EDUGEO.LGV_faune
✓ Vignette France zoomée extraite pour LANDCOVER.EDUGEO.LGV_flore
✓ Vignette France zoomée extraite pour LANDCOVER.EDUGEO.LGV_technique
✓ Vignette mondiale extraite pour LANDCOVER.EDUGEO.TAUX_BOISEMENT_2009-2013
✓ Vignette France zoomée extraite pour LANDCOVER.FORESTAREAS
✓ Vignette France zoomée extraite pour LANDCOVER.FORESTINVENTORY.V1
✓ Vignette France zoomée extraite pour LANDCOVER.FORESTINVENTORY.V2
✗ Impossible d'extraire une vignette pertinente pour LANDCOVER.GRID.CLC00
✗ Impossible d'extraire une vignette pertinente pour LANDCOVER.GRID.CLC00R_FR
✗ Impossible d'extraire une vignette pertinente pour LANDCOVER.GRID.CLC00_DOM
✗ Impossible d'extraire une vignette pertinente pour LANDCOVER.GRID.CLC00_FR
✗ Impossible d'extraire une vignette pertinente pour LANDCOVER.GRID.CLC06
✗ Impossible d'extraire une vignette pertinente pour LANDCOVER.GRID.CLC06R
✗ Impossible d'extraire une vignette pertinente pour LANDCOVER.GRID.CLC06R_DOM
✗ Impossible d'extraire une vignette pertinente pour LANDCOVER.GRID.CLC06R_FR
✗ Impossible d'extraire une vignette pertinente pour LANDCOVER.GRID.CLC06_DOM
✗ Impossible d'extraire une vignette pertinente pour LANDCOVER.GRID.CLC06_FR
✗ Impossible d'extraire une vignette pertinente pour LANDCOVER.GRID.CLC12
✗ Impossible d'extraire une vignette pertinente pour LANDCOVER.GRID.CLC12_DOM
✗ Impossible d'extraire une vignette pertinente pour LANDCOVER.GRID.CLC12_FR
✗ Impossible d'extraire une vignette pertinente pour LANDCOVER.GRID.CLC90_FR
✗ Impossible d'extraire une vignette pertinente pour LANDCOVER.HR.DLT.CLC12
✗ Impossible d'extraire une vignette pertinente pour LANDCOVER.HR.DLT.CLC15
✗ Impossible d'extraire une vignette pertinente pour LANDCOVER.HR.GRA.CLC15
✗ Impossible d'extraire une vignette pertinente pour LANDCOVER.HR.IMD.CLC12
✗ Impossible d'extraire une vignette pertinente pour LANDCOVER.HR.IMD.CLC15
✗ Impossible d'extraire une vignette pertinente pour LANDCOVER.HR.TCD.CLC12
✗ Impossible d'extraire une vignette pertinente pour LANDCOVER.HR.TCD.CLC15
✗ Impossible d'extraire une vignette pertinente pour LANDCOVER.HR.WAW.CLC15
✓ Vignette France zoomée extraite pour LANDCOVER.SYLVOECOREGIONS
✓ Vignette France zoomée extraite pour LANDCOVER.SYLVOECOREGIONS.ALLUVIUM
✓ Vignette France zoomée extraite pour LANDUSE.AGRICULTURE.LATEST
✓ Vignette France zoomée extraite pour LANDUSE.AGRICULTURE2007
✓ Vignette France zoomée extraite pour LANDUSE.AGRICULTURE2008
✓ Vignette France zoomée extraite pour LANDUSE.AGRICULTURE2009
✓ Vignette France zoomée extraite pour LANDUSE.AGRICULTURE2010
✓ Vignette France zoomée extraite pour LANDUSE.AGRICULTURE2011
✓ Vignette mondiale extraite pour LANDUSE.AGRICULTURE2012
✓ Vignette mondiale extraite pour LANDUSE.AGRICULTURE2013
✓ Vignette mondiale extraite pour LANDUSE.AGRICULTURE2014
✓ Vignette France zoomée extraite pour LANDUSE.AGRICULTURE2015
✓ Vignette France zoomée extraite pour LANDUSE.AGRICULTURE2016
✓ Vignette France zoomée extraite pour LANDUSE.AGRICULTURE2017
✓ Vignette France zoomée extraite pour LANDUSE.AGRICULTURE2018
✓ Vignette France zoomée extraite pour LANDUSE.AGRICULTURE2019
✓ Vignette France zoomée extraite pour LANDUSE.AGRICULTURE2020
✓ Vignette France zoomée extraite pour LANDUSE.AGRICULTURE2021
✓ Vignette France zoomée extraite pour LANDUSE.AGRICULTURE2022
✓ Vignette France zoomée extraite pour LANDUSE.AGRICULTURE2023
✓ Vignette France zoomée extraite pour LANDUSE.AGRICULTURE2024
✓ Vignette France zoomée extraite pour LGV_EDUGEO_ARCHEOLOGIE_PYR-PNG_FXX_WM_20170210
✗ Impossible d'extraire une vignette pertinente pour LGV_EDUGEO_FAUNE_PYR-PNG_FXX_WM_20170215
✓ Vignette France zoomée extraite pour LGV_EDUGEO_FLORE_PYR-PNG_FXX_WM_20170213
✓ Vignette France zoomée extraite pour LGV_EDUGEO_TECHNIQUE_PYR-PNG_FXX_WM_20170215
✓ Vignette France zoomée extraite pour LIMITES_ADMINISTRATIVES_EXPRESS.LATEST
✗ Impossible d'extraire une vignette pertinente pour LOCALISATION.CONCESSIONS.HYDRO
✗ Impossible d'extraire une vignette pertinente pour LOCALISATION.MATS.EOLIEN
✗ Impossible d'extraire une vignette pertinente pour LSEP-CRUE_PYR-PNG_WLD_WM_EDUGEO_20130128
✗ Impossible d'extraire une vignette pertinente pour MAJ_EVDC
✗ Impossible d'extraire une vignette pertinente pour NATURALRISKZONES.1910FLOODEDWATERSHEDS
✗ Impossible d'extraire une vignette pertinente pour OCSGE.ARTIF.2016-2017
✓ Vignette France zoomée extraite pour OCSGE.ARTIF.2017-2020
✓ Vignette France zoomée extraite pour OCSGE.ARTIF.2021-2023
✗ Impossible d'extraire une vignette pertinente pour OCSGE.CONSTRUCTION.2016-2017
✓ Vignette France zoomée extraite pour OCSGE.CONSTRUCTION.2017-2020
✓ Vignette France zoomée extraite pour OCSGE.CONSTRUCTION.2021-2023
✗ Impossible d'extraire une vignette pertinente pour OCSGE.CONSTRUCTIONS
✗ Impossible d'extraire une vignette pertinente pour OCSGE.COUVERTURE
✗ Impossible d'extraire une vignette pertinente pour OCSGE.COUVERTURE.2016-2017
✓ Vignette France zoomée extraite pour OCSGE.COUVERTURE.2017-2020
✓ Vignette France zoomée extraite pour OCSGE.COUVERTURE.2021-2023
✗ Impossible d'extraire une vignette pertinente pour OCSGE.USAGE
✗ Impossible d'extraire une vignette pertinente pour OCSGE.USAGE.2016-2017
✓ Vignette France zoomée extraite pour OCSGE.USAGE.2017-2020
✓ Vignette France zoomée extraite pour OCSGE.USAGE.2021-2023
✗ Impossible d'extraire une vignette pertinente pour OFB.ZONES.EXCLUES
✗ Impossible d'extraire une vignette pertinente pour OFB.ZONES.EXCLUES.SAUF.TOITURE
✗ Impossible d'extraire une vignette pertinente pour OFB.ZONES.NECESSITANT.AVIS.GESTIONNAIRE
✗ Impossible d'extraire une vignette pertinente pour OFB_ZONES-HUMIDES-PROBABLES
✗ Impossible d'extraire une vignette pertinente pour ORTHO-EDUGEO_PYR-PNG_WLD_WM
✗ Impossible d'extraire une vignette pertinente pour ORTHOIMAGERY.EDUGEO.AJACCIO1975
✗ Impossible d'extraire une vignette pertinente pour ORTHOIMAGERY.EDUGEO.AJACCIO1990
✗ Impossible d'extraire une vignette pertinente pour ORTHOIMAGERY.EDUGEO.ARCACHON2010
✗ Impossible d'extraire une vignette pertinente pour ORTHOIMAGERY.EDUGEO.ARRAS-LENS-BETHUNE2008
✗ Impossible d'extraire une vignette pertinente pour ORTHOIMAGERY.EDUGEO.BELFORT-MONTBELLIARD1951
✓ Vignette France zoomée extraite pour ORTHOIMAGERY.EDUGEO.BERRY-SUD1950
✓ Vignette France zoomée extraite pour ORTHOIMAGERY.EDUGEO.BERRY-SUD1970
✗ Impossible d'extraire une vignette pertinente pour ORTHOIMAGERY.EDUGEO.BETHUNE1963
✗ Impossible d'extraire une vignette pertinente pour ORTHOIMAGERY.EDUGEO.BETHUNE1964
✗ Impossible d'extraire une vignette pertinente pour ORTHOIMAGERY.EDUGEO.BETHUNE1988
✗ Impossible d'extraire une vignette pertinente pour ORTHOIMAGERY.EDUGEO.BIARRITZ1977
✗ Impossible d'extraire une vignette pertinente pour ORTHOIMAGERY.EDUGEO.BIARRTITZ1979
✗ Impossible d'extraire une vignette pertinente pour ORTHOIMAGERY.EDUGEO.BORDEAUX2003
✗ Impossible d'extraire une vignette pertinente pour ORTHOIMAGERY.EDUGEO.BOURG-ST-MAURICE1956
✗ Impossible d'extraire une vignette pertinente pour ORTHOIMAGERY.EDUGEO.CAEN1991
✗ Impossible d'extraire une vignette pertinente pour ORTHOIMAGERY.EDUGEO.CAP-D-AGDE1968
✗ Impossible d'extraire une vignette pertinente pour ORTHOIMAGERY.EDUGEO.CAP-D-AGDE2008
✗ Impossible d'extraire une vignette pertinente pour ORTHOIMAGERY.EDUGEO.CAP-DAGE1981
✗ Impossible d'extraire une vignette pertinente pour ORTHOIMAGERY.EDUGEO.CLERMONT-FERRAND1965
✗ Impossible d'extraire une vignette pertinente pour ORTHOIMAGERY.EDUGEO.CLERMONT-FERRAND1985
✗ Impossible d'extraire une vignette pertinente pour ORTHOIMAGERY.EDUGEO.CREIL-SUD-PICARDIE1975
✗ Impossible d'extraire une vignette pertinente pour ORTHOIMAGERY.EDUGEO.DIJON1971
✗ Impossible d'extraire une vignette pertinente pour ORTHOIMAGERY.EDUGEO.GRENOBLE1966
✗ Impossible d'extraire une vignette pertinente pour ORTHOIMAGERY.EDUGEO.GRENOBLE1989
✗ Impossible d'extraire une vignette pertinente pour ORTHOIMAGERY.EDUGEO.GUADELOUPE1984
✗ Impossible d'extraire une vignette pertinente pour ORTHOIMAGERY.EDUGEO.GUYANE1955
✗ Impossible d'extraire une vignette pertinente pour ORTHOIMAGERY.EDUGEO.LA-REUNION1961
✗ Impossible d'extraire une vignette pertinente pour ORTHOIMAGERY.EDUGEO.LA-REUNION1980
✗ Impossible d'extraire une vignette pertinente pour ORTHOIMAGERY.EDUGEO.LA-REUNION1989
✗ Impossible d'extraire une vignette pertinente pour ORTHOIMAGERY.EDUGEO.LA-REUNION2010
✗ Impossible d'extraire une vignette pertinente pour ORTHOIMAGERY.EDUGEO.LA-ROCHELLE-ROCHEFORT1973
✗ Impossible d'extraire une vignette pertinente pour ORTHOIMAGERY.EDUGEO.LE-HAVRE1955
✗ Impossible d'extraire une vignette pertinente pour ORTHOIMAGERY.EDUGEO.LE-HAVRE1964
✗ Impossible d'extraire une vignette pertinente pour ORTHOIMAGERY.EDUGEO.LE-HAVRE2008
✗ Impossible d'extraire une vignette pertinente pour ORTHOIMAGERY.EDUGEO.LIMOGES1974
✗ Impossible d'extraire une vignette pertinente pour ORTHOIMAGERY.EDUGEO.LYON1965
✗ Impossible d'extraire une vignette pertinente pour ORTHOIMAGERY.EDUGEO.LYON1984
✗ Impossible d'extraire une vignette pertinente pour ORTHOIMAGERY.EDUGEO.LYON1988
✗ Impossible d'extraire une vignette pertinente pour ORTHOIMAGERY.EDUGEO.LYON2008
✗ Impossible d'extraire une vignette pertinente pour ORTHOIMAGERY.EDUGEO.MARNE-LA-VALLEE1965
✗ Impossible d'extraire une vignette pertinente pour ORTHOIMAGERY.EDUGEO.MARNE-LA-VALLEE1977
✗ Impossible d'extraire une vignette pertinente pour ORTHOIMAGERY.EDUGEO.MARNE-LA-VALLEE1987
✗ Impossible d'extraire une vignette pertinente pour ORTHOIMAGERY.EDUGEO.MARSEILLE-MARTIGUES1969
✗ Impossible d'extraire une vignette pertinente pour ORTHOIMAGERY.EDUGEO.MARSEILLE-MARTIGUES1980
✗ Impossible d'extraire une vignette pertinente pour ORTHOIMAGERY.EDUGEO.MARSEILLE-MARTIGUES1987
✗ Impossible d'extraire une vignette pertinente pour ORTHOIMAGERY.EDUGEO.MARSEILLE-MARTIGUES1988
✗ Impossible d'extraire une vignette pertinente pour ORTHOIMAGERY.EDUGEO.MARSEILLE-MARTIGUES2010
✗ Impossible d'extraire une vignette pertinente pour ORTHOIMAGERY.EDUGEO.MARTINIQUE1988
✗ Impossible d'extraire une vignette pertinente pour ORTHOIMAGERY.EDUGEO.METZ-NANCY1982
✗ Impossible d'extraire une vignette pertinente pour ORTHOIMAGERY.EDUGEO.NANTES1971
✗ Impossible d'extraire une vignette pertinente pour ORTHOIMAGERY.EDUGEO.PARIS1949
✗ Impossible d'extraire une vignette pertinente pour ORTHOIMAGERY.EDUGEO.PARIS1965
✗ Impossible d'extraire une vignette pertinente pour ORTHOIMAGERY.EDUGEO.PARIS2010SPOT
✗ Impossible d'extraire une vignette pertinente pour ORTHOIMAGERY.EDUGEO.REIMS1963
✗ Impossible d'extraire une vignette pertinente pour ORTHOIMAGERY.EDUGEO.REIMS1973
✗ Impossible d'extraire une vignette pertinente pour ORTHOIMAGERY.EDUGEO.REIMS1988
✗ Impossible d'extraire une vignette pertinente pour ORTHOIMAGERY.EDUGEO.REIMS2010
✗ Impossible d'extraire une vignette pertinente pour ORTHOIMAGERY.EDUGEO.ROISSY1965
✗ Impossible d'extraire une vignette pertinente pour ORTHOIMAGERY.EDUGEO.ROISSY1987
✗ Impossible d'extraire une vignette pertinente pour ORTHOIMAGERY.EDUGEO.STRASBOURG1975
✗ Impossible d'extraire une vignette pertinente pour ORTHOIMAGERY.EDUGEO.STRASBOURG1985
✗ Impossible d'extraire une vignette pertinente pour ORTHOIMAGERY.EDUGEO.STRASBOURG2010
✗ Impossible d'extraire une vignette pertinente pour ORTHOIMAGERY.EDUGEO.TOULON-HYERES1972
✗ Impossible d'extraire une vignette pertinente pour ORTHOIMAGERY.EDUGEO.TOULOUSE1954
✗ Impossible d'extraire une vignette pertinente pour ORTHOIMAGERY.EDUGEO.VALEE-DU-DRAC2010
✗ Impossible d'extraire une vignette pertinente pour ORTHOIMAGERY.EDUGEO.VANNES-GOLFE-DU-MORBIHAN1970
✗ Impossible d'extraire une vignette pertinente pour ORTHOIMAGERY.EDUGEO.VERSAILLES1965
✗ Impossible d'extraire une vignette pertinente pour ORTHOIMAGERY.EDUGEO.VERSAILLES1989
✓ Vignette bbox donnée extraite pour ORTHOIMAGERY.ORTHO-SAT.PLEIADES.2012
✓ Vignette France zoomée extraite pour ORTHOIMAGERY.ORTHO-SAT.PLEIADES.2013
✓ Vignette France extraite pour ORTHOIMAGERY.ORTHO-SAT.PLEIADES.2014
✗ Impossible d'extraire une vignette pertinente pour ORTHOIMAGERY.ORTHO-SAT.PLEIADES.2015
✓ Vignette bbox donnée extraite pour ORTHOIMAGERY.ORTHO-SAT.PLEIADES.2016
✓ Vignette bbox donnée extraite pour ORTHOIMAGERY.ORTHO-SAT.PLEIADES.2017
✓ Vignette bbox donnée extraite pour ORTHOIMAGERY.ORTHO-SAT.PLEIADES.2018
✓ Vignette bbox donnée extraite pour ORTHOIMAGERY.ORTHO-SAT.PLEIADES.2019
✓ Vignette France extraite pour ORTHOIMAGERY.ORTHO-SAT.PLEIADES.2020
✓ Vignette bbox donnée extraite pour ORTHOIMAGERY.ORTHO-SAT.PLEIADES.2021
✓ Vignette France extraite pour ORTHOIMAGERY.ORTHO-SAT.PLEIADES.2022
✗ Impossible d'extraire une vignette pertinente pour ORTHOIMAGERY.ORTHO-SAT.PLEIADES.2023
✗ Impossible d'extraire une vignette pertinente pour ORTHOIMAGERY.ORTHO-SAT.PLEIADES.2024
✗ Impossible d'extraire une vignette pertinente pour ORTHOIMAGERY.ORTHO-SAT.PLEIADES.2025
✗ Impossible d'extraire une vignette pertinente pour ORTHOIMAGERY.ORTHO-SAT.PLEIADES.MAYOTTE.2024-06
✗ Impossible d'extraire une vignette pertinente pour ORTHOIMAGERY.ORTHO-SAT.PLEIADES.MAYOTTE.2025-06
✓ Vignette France extraite pour ORTHOIMAGERY.ORTHO-SAT.RAPIDEYE.2010
✓ Vignette France extraite pour ORTHOIMAGERY.ORTHO-SAT.RAPIDEYE.2011
✓ Vignette France zoomée extraite pour ORTHOIMAGERY.ORTHO-SAT.SPOT.2013
✓ Vignette France extraite pour ORTHOIMAGERY.ORTHO-SAT.SPOT.2014
✓ Vignette bbox donnée extraite pour ORTHOIMAGERY.ORTHO-SAT.SPOT.2015
✓ Vignette bbox donnée extraite pour ORTHOIMAGERY.ORTHO-SAT.SPOT.2016
✓ Vignette bbox donnée extraite pour ORTHOIMAGERY.ORTHO-SAT.SPOT.2017
✓ Vignette France extraite pour ORTHOIMAGERY.ORTHO-SAT.SPOT.2018
✓ Vignette France extraite pour ORTHOIMAGERY.ORTHO-SAT.SPOT.2019
✓ Vignette France extraite pour ORTHOIMAGERY.ORTHO-SAT.SPOT.2020
✓ Vignette France extraite pour ORTHOIMAGERY.ORTHO-SAT.SPOT.2021
✓ Vignette France extraite pour ORTHOIMAGERY.ORTHO-SAT.SPOT.2022
✓ Vignette France extraite pour ORTHOIMAGERY.ORTHO-SAT.SPOT.2023
✓ Vignette France extraite pour ORTHOIMAGERY.ORTHO-SAT.SPOT.2024
✗ Impossible d'extraire une vignette pertinente pour ORTHOIMAGERY.ORTHOPHOS.RESTRICTEDAREAS
✓ Vignette mondiale extraite pour ORTHOIMAGERY.ORTHOPHOTOS
✓ Vignette France extraite pour ORTHOIMAGERY.ORTHOPHOTOS.1950-1965
✗ Impossible d'extraire une vignette pertinente pour ORTHOIMAGERY.ORTHOPHOTOS.1965-1980
✗ Impossible d'extraire une vignette pertinente pour ORTHOIMAGERY.ORTHOPHOTOS.1980-1995
✓ Vignette France zoomée extraite pour ORTHOIMAGERY.ORTHOPHOTOS.BDORTHO
✗ Impossible d'extraire une vignette pertinente pour ORTHOIMAGERY.ORTHOPHOTOS.COAST2000
✗ Impossible d'extraire une vignette pertinente pour ORTHOIMAGERY.ORTHOPHOTOS.GENEVE
✗ Impossible d'extraire une vignette pertinente pour ORTHOIMAGERY.ORTHOPHOTOS.ILESDUNORD
✓ Vignette France zoomée extraite pour ORTHOIMAGERY.ORTHOPHOTOS.IRC
✓ Vignette France extraite pour ORTHOIMAGERY.ORTHOPHOTOS.IRC-EXPRESS.2023
✓ Vignette France zoomée extraite pour ORTHOIMAGERY.ORTHOPHOTOS.IRC-EXPRESS.2024
✓ Vignette France extraite pour ORTHOIMAGERY.ORTHOPHOTOS.IRC-EXPRESS.2025
✗ Impossible d'extraire une vignette pertinente pour ORTHOIMAGERY.ORTHOPHOTOS.IRC.2012
✗ Impossible d'extraire une vignette pertinente pour ORTHOIMAGERY.ORTHOPHOTOS.IRC.2013
✓ Vignette France zoomée extraite pour ORTHOIMAGERY.ORTHOPHOTOS.IRC.2014
✓ Vignette France extraite pour ORTHOIMAGERY.ORTHOPHOTOS.IRC.2015
✗ Impossible d'extraire une vignette pertinente pour ORTHOIMAGERY.ORTHOPHOTOS.IRC.2016
✓ Vignette France zoomée extraite pour ORTHOIMAGERY.ORTHOPHOTOS.IRC.2017
✓ Vignette France zoomée extraite pour ORTHOIMAGERY.ORTHOPHOTOS.IRC.2018
✗ Impossible d'extraire une vignette pertinente pour ORTHOIMAGERY.ORTHOPHOTOS.IRC.2019
✓ Vignette France zoomée extraite pour ORTHOIMAGERY.ORTHOPHOTOS.IRC.2020
✓ Vignette France zoomée extraite pour ORTHOIMAGERY.ORTHOPHOTOS.IRC.2021
✗ Impossible d'extraire une vignette pertinente pour ORTHOIMAGERY.ORTHOPHOTOS.IRC.2022
✓ Vignette France zoomée extraite pour ORTHOIMAGERY.ORTHOPHOTOS.IRC.2023
✓ Vignette France zoomée extraite pour ORTHOIMAGERY.ORTHOPHOTOS.IRC.2024
✓ Vignette mondiale extraite pour ORTHOIMAGERY.ORTHOPHOTOS.LOW_RES.CRS84
✓ Vignette mondiale extraite pour ORTHOIMAGERY.ORTHOPHOTOS.NCL
✓ Vignette France extraite pour ORTHOIMAGERY.ORTHOPHOTOS.ORTHO-ASP_PAC2020
✓ Vignette France extraite pour ORTHOIMAGERY.ORTHOPHOTOS.ORTHO-ASP_PAC2021
✓ Vignette France zoomée extraite pour ORTHOIMAGERY.ORTHOPHOTOS.ORTHO-ASP_PAC2022
✓ Vignette France zoomée extraite pour ORTHOIMAGERY.ORTHOPHOTOS.ORTHO-ASP_PAC2024
✓ Vignette France zoomée extraite pour ORTHOIMAGERY.ORTHOPHOTOS.ORTHO-ASP_PAC2025
✓ Vignette France extraite pour ORTHOIMAGERY.ORTHOPHOTOS.ORTHO-EXPRESS.2023
✓ Vignette France zoomée extraite pour ORTHOIMAGERY.ORTHOPHOTOS.ORTHO-EXPRESS.2024
✓ Vignette France extraite pour ORTHOIMAGERY.ORTHOPHOTOS.ORTHO-EXPRESS.2025
✗ Impossible d'extraire une vignette pertinente pour ORTHOIMAGERY.ORTHOPHOTOS.PRE.IRMA
✓ Vignette France extraite pour ORTHOIMAGERY.ORTHOPHOTOS.RAPIDEYE
✗ Impossible d'extraire une vignette pertinente pour ORTHOIMAGERY.ORTHOPHOTOS.SOCLE-ASP.2018
✗ Impossible d'extraire une vignette pertinente pour ORTHOIMAGERY.ORTHOPHOTOS.SPOT5
✗ Impossible d'extraire une vignette pertinente pour ORTHOIMAGERY.ORTHOPHOTOS.URGENCE.ALEX
✗ Impossible d'extraire une vignette pertinente pour ORTHOIMAGERY.ORTHOPHOTOS2000
✓ Vignette France zoomée extraite pour ORTHOIMAGERY.ORTHOPHOTOS2000-2005
✓ Vignette France zoomée extraite pour ORTHOIMAGERY.ORTHOPHOTOS2001
✓ Vignette France zoomée extraite pour ORTHOIMAGERY.ORTHOPHOTOS2002
✗ Impossible d'extraire une vignette pertinente pour ORTHOIMAGERY.ORTHOPHOTOS2003
✓ Vignette France zoomée extraite pour ORTHOIMAGERY.ORTHOPHOTOS2004
✓ Vignette France zoomée extraite pour ORTHOIMAGERY.ORTHOPHOTOS2005
✓ Vignette France zoomée extraite pour ORTHOIMAGERY.ORTHOPHOTOS2006
✓ Vignette France zoomée extraite pour ORTHOIMAGERY.ORTHOPHOTOS2006-2010
✓ Vignette France zoomée extraite pour ORTHOIMAGERY.ORTHOPHOTOS2007
✓ Vignette France zoomée extraite pour ORTHOIMAGERY.ORTHOPHOTOS2008
✗ Impossible d'extraire une vignette pertinente pour ORTHOIMAGERY.ORTHOPHOTOS2009
✓ Vignette France zoomée extraite pour ORTHOIMAGERY.ORTHOPHOTOS2010
✓ Vignette France zoomée extraite pour ORTHOIMAGERY.ORTHOPHOTOS2011
✓ Vignette France zoomée extraite pour ORTHOIMAGERY.ORTHOPHOTOS2011-2015
✗ Impossible d'extraire une vignette pertinente pour ORTHOIMAGERY.ORTHOPHOTOS2012
✗ Impossible d'extraire une vignette pertinente pour ORTHOIMAGERY.ORTHOPHOTOS2013
✓ Vignette France zoomée extraite pour ORTHOIMAGERY.ORTHOPHOTOS2014
✓ Vignette France extraite pour ORTHOIMAGERY.ORTHOPHOTOS2015
✓ Vignette France extraite pour ORTHOIMAGERY.ORTHOPHOTOS2016
✓ Vignette France zoomée extraite pour ORTHOIMAGERY.ORTHOPHOTOS2016-2020
✓ Vignette bbox donnée extraite pour ORTHOIMAGERY.ORTHOPHOTOS2017
✓ Vignette France zoomée extraite pour ORTHOIMAGERY.ORTHOPHOTOS2018
✗ Impossible d'extraire une vignette pertinente pour ORTHOIMAGERY.ORTHOPHOTOS2019
✓ Vignette France zoomée extraite pour ORTHOIMAGERY.ORTHOPHOTOS2020
✓ Vignette France zoomée extraite pour ORTHOIMAGERY.ORTHOPHOTOS2021
✗ Impossible d'extraire une vignette pertinente pour ORTHOIMAGERY.ORTHOPHOTOS2022
✓ Vignette France zoomée extraite pour ORTHOIMAGERY.ORTHOPHOTOS2023
✓ Vignette France zoomée extraite pour ORTHOIMAGERY.ORTHOPHOTOS2024
✗ Impossible d'extraire une vignette pertinente pour PARCS-ET-JARDINS.2017-2020
✗ Impossible d'extraire une vignette pertinente pour PARCS-ET-JARDINS.2021-2023
✗ Impossible d'extraire une vignette pertinente pour PARKING.SUP.500
✗ Impossible d'extraire une vignette pertinente pour PART.ENR.COMMUNE
✗ Impossible d'extraire une vignette pertinente pour PCRS.LAMB93
✗ Impossible d'extraire une vignette pertinente pour PCRS34-Bloc-C
✗ Impossible d'extraire une vignette pertinente pour PCRS_Metropole_Montpellier
✗ Impossible d'extraire une vignette pertinente pour PCRS_chantier_200m
✗ Impossible d'extraire une vignette pertinente pour PCRS_chantier_D034
✗ Impossible d'extraire une vignette pertinente pour PCRS_chantier_D46_test_SDE22
✗ Impossible d'extraire une vignette pertinente pour PLANIGN.LIDAR.SURSOL
✗ Impossible d'extraire une vignette pertinente pour PLANIGN.LIDAR.TERRAIN
✗ Impossible d'extraire une vignette pertinente pour POINTS.INJECTION.BIOMETHANE
✗ Impossible d'extraire une vignette pertinente pour POTENTIEL.EOLIEN.REGLEMENTAIRE
✗ Impossible d'extraire une vignette pertinente pour POTENTIEL.GEOTHERMIE
✗ Impossible d'extraire une vignette pertinente pour POTENTIEL.HYDRO
✗ Impossible d'extraire une vignette pertinente pour POTENTIEL.RESEAU.CHALEUR.PACA
✗ Impossible d'extraire une vignette pertinente pour POTENTIEL.RESEAU.CHAUD.FROID.PACA
✗ Impossible d'extraire une vignette pertinente pour POTENTIEL.RESEAU.FROID.PACA
✗ Impossible d'extraire une vignette pertinente pour POTENTIEL.SOLAIRE.BATIMENT
✗ Impossible d'extraire une vignette pertinente pour POTENTIEL.SOLAIRE.FRICHE
✗ Impossible d'extraire une vignette pertinente pour POTENTIEL.SOLAIRE.PARKING500
✗ Impossible d'extraire une vignette pertinente pour POTENTIEL.SOLAIRE.RRN
✗ Impossible d'extraire une vignette pertinente pour POTENTIEL.SOLAIRE.SOL
✗ Impossible d'extraire une vignette pertinente pour PRAIRIES.SENSIBLES.BCAE
✗ Impossible d'extraire une vignette pertinente pour PROD.INSTALLATION.EOLIEN
✗ Impossible d'extraire une vignette pertinente pour PROD.INSTALLATION.HYDRO
✗ Impossible d'extraire une vignette pertinente pour PROD.INSTALLATION.PV
✗ Impossible d'extraire une vignette pertinente pour PRODUCTIBLE.BIOMETHANE.COMMUNE
✗ Impossible d'extraire une vignette pertinente pour PRODUCTIBLE.EOLIEN.COMMUNE
✗ Impossible d'extraire une vignette pertinente pour PRODUCTIBLE.METHANISATION.COMMUNE
✗ Impossible d'extraire une vignette pertinente pour PRODUCTIBLE.PHOTOVOLTAIQUE.COMMUNE
✗ Impossible d'extraire une vignette pertinente pour PROTECTEDAREAS.MNHN.CDL.PERIMETER
✗ Impossible d'extraire une vignette pertinente pour PROTECTEDAREAS.PRSF
✗ Impossible d'extraire une vignette pertinente pour PUISSANCE.INSTALLEE.BIOMETHANE
✗ Impossible d'extraire une vignette pertinente pour PUISSANCE.INSTALLEE.METHANISATION
✗ Impossible d'extraire une vignette pertinente pour PVA_IGN_zone-marais-de-Virvee_1945
✗ Impossible d'extraire une vignette pertinente pour PVA_IGN_zone-marais-de-Virvee_1956
✗ Impossible d'extraire une vignette pertinente pour PVA_IGN_zone-marais-de-Virvee_1976
✗ Impossible d'extraire une vignette pertinente pour PVA_IGN_zone-marais-de-Virvee_1984
✗ Impossible d'extraire une vignette pertinente pour Patrinat_APB
✗ Impossible d'extraire une vignette pertinente pour Patrinat_APG
✗ Impossible d'extraire une vignette pertinente pour Patrinat_APHN
✗ Impossible d'extraire une vignette pertinente pour Patrinat_APLG
✗ Impossible d'extraire une vignette pertinente pour Patrinat_BIOS
✗ Impossible d'extraire une vignette pertinente pour Patrinat_BPM
✗ Impossible d'extraire une vignette pertinente pour Patrinat_CDL
✗ Impossible d'extraire une vignette pertinente pour Patrinat_CEN
✗ Impossible d'extraire une vignette pertinente pour Patrinat_GEOPARC
✓ Vignette France zoomée extraite pour Patrinat_INPG
✗ Impossible d'extraire une vignette pertinente pour Patrinat_PN
✗ Impossible d'extraire une vignette pertinente pour Patrinat_PNM
✓ Vignette France zoomée extraite pour Patrinat_PNR
✗ Impossible d'extraire une vignette pertinente pour Patrinat_PPRNN
✓ Vignette France zoomée extraite pour Patrinat_RAMSAR
✗ Impossible d'extraire une vignette pertinente pour Patrinat_RB
✗ Impossible d'extraire une vignette pertinente pour Patrinat_RIPN
✗ Impossible d'extraire une vignette pertinente pour Patrinat_RNC
✗ Impossible d'extraire une vignette pertinente pour Patrinat_RNCFS
✗ Impossible d'extraire une vignette pertinente pour Patrinat_RNN
✗ Impossible d'extraire une vignette pertinente pour Patrinat_RNR
✓ Vignette France zoomée extraite pour Patrinat_SIC
✓ Vignette France zoomée extraite pour Patrinat_ZNIEFF1
✗ Impossible d'extraire une vignette pertinente pour Patrinat_ZNIEFF1_MER
✓ Vignette France zoomée extraite pour Patrinat_ZNIEFF2
✗ Impossible d'extraire une vignette pertinente pour Patrinat_ZNIEFF2_MER
✗ Impossible d'extraire une vignette pertinente pour Patrinat_ZPR
✓ Vignette France zoomée extraite pour Patrinat_ZPS
✓ Vignette France extraite pour RAPIDEYE_PYR-JPEG_WLD_WM_2010
✓ Vignette France extraite pour RAPIDEYE_PYR-JPEG_WLD_WM_2011
✗ Impossible d'extraire une vignette pertinente pour REPARTITION.POTENTIEL.METHANISATION.2050
✓ Vignette mondiale extraite pour RPG2012_PYR-PNG_WLD_EDUGEO_20170126
✗ Impossible d'extraire une vignette pertinente pour SCAN-EDUGEO_PYR-PNG_FXX_WM
✗ Impossible d'extraire une vignette pertinente pour SECUROUTE.TE.1TE
✗ Impossible d'extraire une vignette pertinente pour SECUROUTE.TE.2TE48
✗ Impossible d'extraire une vignette pertinente pour SECUROUTE.TE.ALL
✗ Impossible d'extraire une vignette pertinente pour SECUROUTE.TE.OA
✗ Impossible d'extraire une vignette pertinente pour SECUROUTE.TE.PN
✗ Impossible d'extraire une vignette pertinente pour SECUROUTE.TE.PND
✗ Impossible d'extraire une vignette pertinente pour SECUROUTE.TE.TE120
✗ Impossible d'extraire une vignette pertinente pour SECUROUTE.TE.TE72
✗ Impossible d'extraire une vignette pertinente pour SECUROUTE.TE.TE94
✗ Impossible d'extraire une vignette pertinente pour SITE.PRODUCTION.CHALEUR.BIOGAZ
✗ Impossible d'extraire une vignette pertinente pour SITE.PRODUCTION.CHALEUR.COGENERATION
✗ Impossible d'extraire une vignette pertinente pour SITE.PRODUCTION.CHALEUR.DECHETS
✗ Impossible d'extraire une vignette pertinente pour SITE.PRODUCTION.CHALEUR.METHANISATON
✗ Impossible d'extraire une vignette pertinente pour SITE.PRODUCTION.CHALEUR.RC
✗ Impossible d'extraire une vignette pertinente pour SITE.PRODUCTION.CHALEUR.RC.BRETAGNE
✗ Impossible d'extraire une vignette pertinente pour SITE.PRODUCTION.CHALEUR.RC.PACA
✗ Impossible d'extraire une vignette pertinente pour SITE.PRODUCTION.CHALEUR.RCF.LINEAIRE
✗ Impossible d'extraire une vignette pertinente pour SITE.PRODUCTION.CHALEUR.RCF.POINT
✗ Impossible d'extraire une vignette pertinente pour SPOT-EDUGEO_PYR-PNG_WLD_WM
✗ Impossible d'extraire une vignette pertinente pour SPOT5_PYR-JPEG_WLD_WM
✗ Impossible d'extraire une vignette pertinente pour TEST_PBE_LE_HAVRE
✗ Impossible d'extraire une vignette pertinente pour THR.ORTHOIMAGERY.ORTHOPHOTOS
✗ Impossible d'extraire une vignette pertinente pour TN.RoadTransportNetwork.RoadLink
✗ Impossible d'extraire une vignette pertinente pour TOURBIERES_ZONES-HUMIDES.BCAE
✗ Impossible d'extraire une vignette pertinente pour TRACES.RANDO.HIVERNALE
✓ Vignette France zoomée extraite pour TRANSPORTNETWORK.COMMONTRANSPORTELEMENTS.MARKERPOST
✓ Vignette France zoomée extraite pour TRANSPORTNETWORK.COMMONTRANSPORTELEMENTS.MARKERPOST_VISU
✓ Vignette France zoomée extraite pour TRANSPORTNETWORKS.RAILWAYS
✓ Vignette France zoomée extraite pour TRANSPORTNETWORKS.ROADS
✗ Impossible d'extraire une vignette pertinente pour TRANSPORTNETWORKS.ROADS.DIRECTION
✓ Vignette France zoomée extraite pour TRANSPORTNETWORKS.RUNWAYS
✓ Vignette France extraite pour TRANSPORTS.DRONES.RESTRICTIONS
✗ Impossible d'extraire une vignette pertinente pour UTILITYANDGOVERNMENTALSERVICES.ALL
✗ Impossible d'extraire une vignette pertinente pour WMTS_BEZIERS-COLOMBIERS_2022110638503087
✓ Vignette France zoomée extraite pour ZONES-A-PROSPECTER-FORETS-SUBNATURELLES
✗ Impossible d'extraire une vignette pertinente pour ZZZ_Le_Havre_3_canaux_sortie_3c_deflate_tiled
✗ Impossible d'extraire une vignette pertinente pour ZZZ_Le_Havre_3_canaux_sortie_3c_deflate_tiled_jpeg
✗ Impossible d'extraire une vignette pertinente pour ZZZ_Le_Havre_3_canaux_sortie_3c_jpeg_tiled_jpeg
✗ Impossible d'extraire une vignette pertinente pour ZZZ_Le_Havre_3_canaux_srce
✗ Impossible d'extraire une vignette pertinente pour ZZZ_Le_Havre_4_canaux_sortie_4c_deflate_tiled
✗ Impossible d'extraire une vignette pertinente pour ZZZ_Score_pol_lumi_chiro_Atelier3_SDK
✓ Vignette bbox donnée extraite pour adminexpress-kdep-jpb-test-raster_wmts
✗ Impossible d'extraire une vignette pertinente pour hedge.hedge
✗ Impossible d'extraire une vignette pertinente pour orthophoto_1947_calvados
✗ Impossible d'extraire une vignette pertinente pour orthophoto_1955_calvados
✗ Impossible d'extraire une vignette pertinente pour orthophoto_1972_calvados
✗ Impossible d'extraire une vignette pertinente pour orthophoto_1984_calvados
✗ Impossible d'extraire une vignette pertinente pour orthophoto_1991_calvados
✗ Impossible d'extraire une vignette pertinente pour scan1000_corse_jbn
✗ Impossible d'extraire une vignette pertinente pour test_mamp_pcrs
✗ Impossible d'extraire une vignette pertinente pour test_mamp_pcrs_f_jp2
✗ Impossible d'extraire une vignette pertinente pour test_mamp_pcrs_marseille

======================================================================
Résultats: 196 vignettes générées, 439 échecs
======================================================================
